<component name="libraryTable">
  <library name="junit-4.7_2">
    <CLASSES>
      <root url="jar://$PROJECT_DIR$/junit-4.7_2.jar!/" />
    </CLASSES>
    <JAVADOC />
    <SOURCES />
  </library>
</component>